2021-11-08 22:37:00
Filename : 113.csv
Vertices : 10000
Total Edges : 35803295
Max Edge : 10000
Min Edge : 0
Directed : True
Signed : False
Multigraph : False
Self Loop : True
Weighted : True
Max Weight : 1000000000
Min Weight : 100000
Elapsed Time : 00 days, 00 hours, 05 minutes, 43 seconds
-------------------------------
2021-11-08 23:07:51
Filename : 114.csv
Vertices : 17000
Total Edges : 103444988
Max Edge : 17000
Min Edge : 0
Directed : True
Signed : False
Multigraph : False
Self Loop : True
Weighted : True
Max Weight : 1000000000
Min Weight : 100
Elapsed Time : 00 days, 00 hours, 22 minutes, 58 seconds
-------------------------------
